<?xml version="1.0" encoding="UTF-8"?>
<testsuite xmlns:xsi="http://www.w3.org/2001/XMLSchema-instance" xsi:noNamespaceSchemaLocation="https://maven.apache.org/surefire/maven-surefire-plugin/xsd/surefire-test-report-3.0.xsd" version="3.0" name="TestSuite" time="480.681" tests="8" errors="0" skipped="0" failures="5">
  <properties>
[...]
</properties>
  <testcase name="tC001SearchSoes" classname="ebay.com.EbayTestNGTest" time="11.16"/>
  <testcase name="tC002SelectBrandPUMA" classname="ebay.com.EbayTestNGTest" time="23.236"/>
  <testcase name="tC003SelectSize10" classname="ebay.com.EbayTestNGTest" time="38.707"/>
  <testcase name="tC004OrderAscendant" classname="ebay.com.EbayTestNGTest" time="79.645">
    <failure message="element not interactable&#10;  (Session info: chrome=79.0.3945.130)&#10;Build info: version: &apos;3.141.59&apos;, revision: &apos;e82be7d358&apos;, time: &apos;2018-11-14T08:17:03&apos;&#10;System info: host: &apos;HBOGS_CAMARGOUA&apos;, ip: &apos;192.168.0.21&apos;, os.name: &apos;Windows 10&apos;, os.arch: &apos;amd64&apos;, os.version: &apos;10.0&apos;, java.version: &apos;1.8.0_211&apos;&#10;Driver info: org.openqa.selenium.chrome.ChromeDriver&#10;Capabilities {acceptInsecureCerts: false, browserName: chrome, browserVersion: 79.0.3945.130, chrome: {chromedriverVersion: 79.0.3945.16 (93fcc21110c10..., userDataDir: C:\WINDOWS\TEMP\scoped_dir1...}, goog:chromeOptions: {debuggerAddress: localhost:12891}, javascriptEnabled: true, networkConnectionEnabled: false, pageLoadStrategy: normal, platform: WINDOWS, platformName: WINDOWS, proxy: Proxy(), setWindowRect: true, strictFileInteractability: false, timeouts: {implicit: 0, pageLoad: 300000, script: 30000}, unhandledPromptBehavior: dismiss and notify}&#10;Session ID: c891f39c89f3ac6f407ca1ca90375e32" type="org.openqa.selenium.ElementNotInteractableException"><![CDATA[org.openqa.selenium.ElementNotInteractableException: 
element not interactable
  (Session info: chrome=79.0.3945.130)
Build info: version: '3.141.59', revision: 'e82be7d358', time: '2018-11-14T08:17:03'
System info: host: 'HBOGS_CAMARGOUA', ip: '192.168.0.21', os.name: 'Windows 10', os.arch: 'amd64', os.version: '10.0', java.version: '1.8.0_211'
Driver info: org.openqa.selenium.chrome.ChromeDriver
Capabilities {acceptInsecureCerts: false, browserName: chrome, browserVersion: 79.0.3945.130, chrome: {chromedriverVersion: 79.0.3945.16 (93fcc21110c10..., userDataDir: C:\WINDOWS\TEMP\scoped_dir1...}, goog:chromeOptions: {debuggerAddress: localhost:12891}, javascriptEnabled: true, networkConnectionEnabled: false, pageLoadStrategy: normal, platform: WINDOWS, platformName: WINDOWS, proxy: Proxy(), setWindowRect: true, strictFileInteractability: false, timeouts: {implicit: 0, pageLoad: 300000, script: 30000}, unhandledPromptBehavior: dismiss and notify}
Session ID: c891f39c89f3ac6f407ca1ca90375e32
	at ebay.com.EbayTestNGTest.tC004OrderAscendant(EbayTestNGTest.java:129)
]]></failure>
    <system-out><![CDATA[The amount of elements of the brand PUMA and size 10 is of: 5,410
]]></system-out>
    <system-err><![CDATA[feb 23, 2020 2:46:41 AM org.openqa.selenium.interactions.Actions moveToElement
INFORMACIÓN: When using the W3C Action commands, offsets are from the center of element
feb 23, 2020 2:46:53 AM org.openqa.selenium.interactions.Actions moveToElement
INFORMACIÓN: When using the W3C Action commands, offsets are from the center of element
feb 23, 2020 2:47:10 AM org.openqa.selenium.interactions.Actions moveToElement
INFORMACIÓN: When using the W3C Action commands, offsets are from the center of element
]]></system-err>
  </testcase>
  <testcase name="tC005AssertOrder" classname="ebay.com.EbayTestNGTest" time="79.114">
    <failure message="element not interactable&#10;  (Session info: chrome=79.0.3945.130)&#10;Build info: version: &apos;3.141.59&apos;, revision: &apos;e82be7d358&apos;, time: &apos;2018-11-14T08:17:03&apos;&#10;System info: host: &apos;HBOGS_CAMARGOUA&apos;, ip: &apos;192.168.0.21&apos;, os.name: &apos;Windows 10&apos;, os.arch: &apos;amd64&apos;, os.version: &apos;10.0&apos;, java.version: &apos;1.8.0_211&apos;&#10;Driver info: org.openqa.selenium.chrome.ChromeDriver&#10;Capabilities {acceptInsecureCerts: false, browserName: chrome, browserVersion: 79.0.3945.130, chrome: {chromedriverVersion: 79.0.3945.16 (93fcc21110c10..., userDataDir: C:\WINDOWS\TEMP\scoped_dir1...}, goog:chromeOptions: {debuggerAddress: localhost:12891}, javascriptEnabled: true, networkConnectionEnabled: false, pageLoadStrategy: normal, platform: WINDOWS, platformName: WINDOWS, proxy: Proxy(), setWindowRect: true, strictFileInteractability: false, timeouts: {implicit: 0, pageLoad: 300000, script: 30000}, unhandledPromptBehavior: dismiss and notify}&#10;Session ID: c891f39c89f3ac6f407ca1ca90375e32" type="org.openqa.selenium.ElementNotInteractableException"><![CDATA[org.openqa.selenium.ElementNotInteractableException: 
element not interactable
  (Session info: chrome=79.0.3945.130)
Build info: version: '3.141.59', revision: 'e82be7d358', time: '2018-11-14T08:17:03'
System info: host: 'HBOGS_CAMARGOUA', ip: '192.168.0.21', os.name: 'Windows 10', os.arch: 'amd64', os.version: '10.0', java.version: '1.8.0_211'
Driver info: org.openqa.selenium.chrome.ChromeDriver
Capabilities {acceptInsecureCerts: false, browserName: chrome, browserVersion: 79.0.3945.130, chrome: {chromedriverVersion: 79.0.3945.16 (93fcc21110c10..., userDataDir: C:\WINDOWS\TEMP\scoped_dir1...}, goog:chromeOptions: {debuggerAddress: localhost:12891}, javascriptEnabled: true, networkConnectionEnabled: false, pageLoadStrategy: normal, platform: WINDOWS, platformName: WINDOWS, proxy: Proxy(), setWindowRect: true, strictFileInteractability: false, timeouts: {implicit: 0, pageLoad: 300000, script: 30000}, unhandledPromptBehavior: dismiss and notify}
Session ID: c891f39c89f3ac6f407ca1ca90375e32
	at ebay.com.EbayTestNGTest.tC004OrderAscendant(EbayTestNGTest.java:129)
	at ebay.com.EbayTestNGTest.tC005AssertOrder(EbayTestNGTest.java:140)
]]></failure>
    <system-out><![CDATA[The amount of elements of the brand PUMA and size 10 is of: 5,410
]]></system-out>
    <system-err><![CDATA[feb 23, 2020 2:48:01 AM org.openqa.selenium.interactions.Actions moveToElement
INFORMACIÓN: When using the W3C Action commands, offsets are from the center of element
feb 23, 2020 2:48:13 AM org.openqa.selenium.interactions.Actions moveToElement
INFORMACIÓN: When using the W3C Action commands, offsets are from the center of element
feb 23, 2020 2:48:30 AM org.openqa.selenium.interactions.Actions moveToElement
INFORMACIÓN: When using the W3C Action commands, offsets are from the center of element
]]></system-err>
  </testcase>
  <testcase name="tC006PrintProductsandprices" classname="ebay.com.EbayTestNGTest" time="79.728">
    <failure message="element not interactable&#10;  (Session info: chrome=79.0.3945.130)&#10;Build info: version: &apos;3.141.59&apos;, revision: &apos;e82be7d358&apos;, time: &apos;2018-11-14T08:17:03&apos;&#10;System info: host: &apos;HBOGS_CAMARGOUA&apos;, ip: &apos;192.168.0.21&apos;, os.name: &apos;Windows 10&apos;, os.arch: &apos;amd64&apos;, os.version: &apos;10.0&apos;, java.version: &apos;1.8.0_211&apos;&#10;Driver info: org.openqa.selenium.chrome.ChromeDriver&#10;Capabilities {acceptInsecureCerts: false, browserName: chrome, browserVersion: 79.0.3945.130, chrome: {chromedriverVersion: 79.0.3945.16 (93fcc21110c10..., userDataDir: C:\WINDOWS\TEMP\scoped_dir1...}, goog:chromeOptions: {debuggerAddress: localhost:12891}, javascriptEnabled: true, networkConnectionEnabled: false, pageLoadStrategy: normal, platform: WINDOWS, platformName: WINDOWS, proxy: Proxy(), setWindowRect: true, strictFileInteractability: false, timeouts: {implicit: 0, pageLoad: 300000, script: 30000}, unhandledPromptBehavior: dismiss and notify}&#10;Session ID: c891f39c89f3ac6f407ca1ca90375e32" type="org.openqa.selenium.ElementNotInteractableException"><![CDATA[org.openqa.selenium.ElementNotInteractableException: 
element not interactable
  (Session info: chrome=79.0.3945.130)
Build info: version: '3.141.59', revision: 'e82be7d358', time: '2018-11-14T08:17:03'
System info: host: 'HBOGS_CAMARGOUA', ip: '192.168.0.21', os.name: 'Windows 10', os.arch: 'amd64', os.version: '10.0', java.version: '1.8.0_211'
Driver info: org.openqa.selenium.chrome.ChromeDriver
Capabilities {acceptInsecureCerts: false, browserName: chrome, browserVersion: 79.0.3945.130, chrome: {chromedriverVersion: 79.0.3945.16 (93fcc21110c10..., userDataDir: C:\WINDOWS\TEMP\scoped_dir1...}, goog:chromeOptions: {debuggerAddress: localhost:12891}, javascriptEnabled: true, networkConnectionEnabled: false, pageLoadStrategy: normal, platform: WINDOWS, platformName: WINDOWS, proxy: Proxy(), setWindowRect: true, strictFileInteractability: false, timeouts: {implicit: 0, pageLoad: 300000, script: 30000}, unhandledPromptBehavior: dismiss and notify}
Session ID: c891f39c89f3ac6f407ca1ca90375e32
	at ebay.com.EbayTestNGTest.tC004OrderAscendant(EbayTestNGTest.java:129)
	at ebay.com.EbayTestNGTest.tC006PrintProductsandprices(EbayTestNGTest.java:178)
]]></failure>
    <system-out><![CDATA[The amount of elements of the brand PUMA and size 10 is of: 5,410
]]></system-out>
    <system-err><![CDATA[feb 23, 2020 2:49:20 AM org.openqa.selenium.interactions.Actions moveToElement
INFORMACIÓN: When using the W3C Action commands, offsets are from the center of element
feb 23, 2020 2:49:32 AM org.openqa.selenium.interactions.Actions moveToElement
INFORMACIÓN: When using the W3C Action commands, offsets are from the center of element
feb 23, 2020 2:49:49 AM org.openqa.selenium.interactions.Actions moveToElement
INFORMACIÓN: When using the W3C Action commands, offsets are from the center of element
]]></system-err>
  </testcase>
  <testcase name="tC007PrintOrderProductsByNameAsc" classname="ebay.com.EbayTestNGTest" time="79.629">
    <failure message="element not interactable&#10;  (Session info: chrome=79.0.3945.130)&#10;Build info: version: &apos;3.141.59&apos;, revision: &apos;e82be7d358&apos;, time: &apos;2018-11-14T08:17:03&apos;&#10;System info: host: &apos;HBOGS_CAMARGOUA&apos;, ip: &apos;192.168.0.21&apos;, os.name: &apos;Windows 10&apos;, os.arch: &apos;amd64&apos;, os.version: &apos;10.0&apos;, java.version: &apos;1.8.0_211&apos;&#10;Driver info: org.openqa.selenium.chrome.ChromeDriver&#10;Capabilities {acceptInsecureCerts: false, browserName: chrome, browserVersion: 79.0.3945.130, chrome: {chromedriverVersion: 79.0.3945.16 (93fcc21110c10..., userDataDir: C:\WINDOWS\TEMP\scoped_dir1...}, goog:chromeOptions: {debuggerAddress: localhost:12891}, javascriptEnabled: true, networkConnectionEnabled: false, pageLoadStrategy: normal, platform: WINDOWS, platformName: WINDOWS, proxy: Proxy(), setWindowRect: true, strictFileInteractability: false, timeouts: {implicit: 0, pageLoad: 300000, script: 30000}, unhandledPromptBehavior: dismiss and notify}&#10;Session ID: c891f39c89f3ac6f407ca1ca90375e32" type="org.openqa.selenium.ElementNotInteractableException"><![CDATA[org.openqa.selenium.ElementNotInteractableException: 
element not interactable
  (Session info: chrome=79.0.3945.130)
Build info: version: '3.141.59', revision: 'e82be7d358', time: '2018-11-14T08:17:03'
System info: host: 'HBOGS_CAMARGOUA', ip: '192.168.0.21', os.name: 'Windows 10', os.arch: 'amd64', os.version: '10.0', java.version: '1.8.0_211'
Driver info: org.openqa.selenium.chrome.ChromeDriver
Capabilities {acceptInsecureCerts: false, browserName: chrome, browserVersion: 79.0.3945.130, chrome: {chromedriverVersion: 79.0.3945.16 (93fcc21110c10..., userDataDir: C:\WINDOWS\TEMP\scoped_dir1...}, goog:chromeOptions: {debuggerAddress: localhost:12891}, javascriptEnabled: true, networkConnectionEnabled: false, pageLoadStrategy: normal, platform: WINDOWS, platformName: WINDOWS, proxy: Proxy(), setWindowRect: true, strictFileInteractability: false, timeouts: {implicit: 0, pageLoad: 300000, script: 30000}, unhandledPromptBehavior: dismiss and notify}
Session ID: c891f39c89f3ac6f407ca1ca90375e32
	at ebay.com.EbayTestNGTest.tC004OrderAscendant(EbayTestNGTest.java:129)
	at ebay.com.EbayTestNGTest.tC007PrintOrderProductsByNameAsc(EbayTestNGTest.java:192)
]]></failure>
    <system-out><![CDATA[The amount of elements of the brand PUMA and size 10 is of: 5,397
]]></system-out>
    <system-err><![CDATA[feb 23, 2020 2:50:39 AM org.openqa.selenium.interactions.Actions moveToElement
INFORMACIÓN: When using the W3C Action commands, offsets are from the center of element
feb 23, 2020 2:50:52 AM org.openqa.selenium.interactions.Actions moveToElement
INFORMACIÓN: When using the W3C Action commands, offsets are from the center of element
feb 23, 2020 2:51:09 AM org.openqa.selenium.interactions.Actions moveToElement
INFORMACIÓN: When using the W3C Action commands, offsets are from the center of element
]]></system-err>
  </testcase>
  <testcase name="tC008PrintOrderProductsByPriceDesc" classname="ebay.com.EbayTestNGTest" time="80.417">
    <failure message="element not interactable&#10;  (Session info: chrome=79.0.3945.130)&#10;Build info: version: &apos;3.141.59&apos;, revision: &apos;e82be7d358&apos;, time: &apos;2018-11-14T08:17:03&apos;&#10;System info: host: &apos;HBOGS_CAMARGOUA&apos;, ip: &apos;192.168.0.21&apos;, os.name: &apos;Windows 10&apos;, os.arch: &apos;amd64&apos;, os.version: &apos;10.0&apos;, java.version: &apos;1.8.0_211&apos;&#10;Driver info: org.openqa.selenium.chrome.ChromeDriver&#10;Capabilities {acceptInsecureCerts: false, browserName: chrome, browserVersion: 79.0.3945.130, chrome: {chromedriverVersion: 79.0.3945.16 (93fcc21110c10..., userDataDir: C:\WINDOWS\TEMP\scoped_dir1...}, goog:chromeOptions: {debuggerAddress: localhost:12891}, javascriptEnabled: true, networkConnectionEnabled: false, pageLoadStrategy: normal, platform: WINDOWS, platformName: WINDOWS, proxy: Proxy(), setWindowRect: true, strictFileInteractability: false, timeouts: {implicit: 0, pageLoad: 300000, script: 30000}, unhandledPromptBehavior: dismiss and notify}&#10;Session ID: c891f39c89f3ac6f407ca1ca90375e32" type="org.openqa.selenium.ElementNotInteractableException"><![CDATA[org.openqa.selenium.ElementNotInteractableException: 
element not interactable
  (Session info: chrome=79.0.3945.130)
Build info: version: '3.141.59', revision: 'e82be7d358', time: '2018-11-14T08:17:03'
System info: host: 'HBOGS_CAMARGOUA', ip: '192.168.0.21', os.name: 'Windows 10', os.arch: 'amd64', os.version: '10.0', java.version: '1.8.0_211'
Driver info: org.openqa.selenium.chrome.ChromeDriver
Capabilities {acceptInsecureCerts: false, browserName: chrome, browserVersion: 79.0.3945.130, chrome: {chromedriverVersion: 79.0.3945.16 (93fcc21110c10..., userDataDir: C:\WINDOWS\TEMP\scoped_dir1...}, goog:chromeOptions: {debuggerAddress: localhost:12891}, javascriptEnabled: true, networkConnectionEnabled: false, pageLoadStrategy: normal, platform: WINDOWS, platformName: WINDOWS, proxy: Proxy(), setWindowRect: true, strictFileInteractability: false, timeouts: {implicit: 0, pageLoad: 300000, script: 30000}, unhandledPromptBehavior: dismiss and notify}
Session ID: c891f39c89f3ac6f407ca1ca90375e32
	at ebay.com.EbayTestNGTest.tC004OrderAscendant(EbayTestNGTest.java:129)
	at ebay.com.EbayTestNGTest.tC008PrintOrderProductsByPriceDesc(EbayTestNGTest.java:232)
]]></failure>
    <system-out><![CDATA[The amount of elements of the brand PUMA and size 10 is of: 5,409
]]></system-out>
    <system-err><![CDATA[feb 23, 2020 2:52:00 AM org.openqa.selenium.interactions.Actions moveToElement
INFORMACIÓN: When using the W3C Action commands, offsets are from the center of element
feb 23, 2020 2:52:12 AM org.openqa.selenium.interactions.Actions moveToElement
INFORMACIÓN: When using the W3C Action commands, offsets are from the center of element
feb 23, 2020 2:52:29 AM org.openqa.selenium.interactions.Actions moveToElement
INFORMACIÓN: When using the W3C Action commands, offsets are from the center of element
]]></system-err>
  </testcase>
</testsuite>